2018-09-18 08:37:46.621751: I tensorflow/stream_executor/cuda/cuda_gpu_executor.cc:898] successful NUMA node read from SysFS had negative value (-1), but there must be at least one NUMA node, so returning NUMA node zero
2018-09-18 08:37:46.622502: I tensorflow/core/common_runtime/gpu/gpu_device.cc:1356] Found device 0 with properties: 
name: GeForce GTX 1080 major: 6 minor: 1 memoryClockRate(GHz): 1.8475
pciBusID: 0000:01:00.0
totalMemory: 7.93GiB freeMemory: 7.74GiB
2018-09-18 08:37:46.622521: I tensorflow/core/common_runtime/gpu/gpu_device.cc:1435] Adding visible gpu devices: 0
2018-09-18 08:37:46.826324: I tensorflow/core/common_runtime/gpu/gpu_device.cc:923] Device interconnect StreamExecutor with strength 1 edge matrix:
2018-09-18 08:37:46.826368: I tensorflow/core/common_runtime/gpu/gpu_device.cc:929]      0 
2018-09-18 08:37:46.826384: I tensorflow/core/common_runtime/gpu/gpu_device.cc:942] 0:   N 
2018-09-18 08:37:46.826637: I tensorflow/core/common_runtime/gpu/gpu_device.cc:1053] Created TensorFlow device (/job:localhost/replica:0/task:0/device:GPU:0 with 7472 MB memory) -> physical GPU (device: 0, name: GeForce GTX 1080, pci bus id: 0000:01:00.0, compute capability: 6.1)
004_INCEPTION_UNET.model
004_INCEPTION_UNET.csv
load dataset
set tf session
prepare model
first training
Epoch 1/100
Using TensorFlow backend.
, epoch=0
 - 101s - loss: 0.8433 - my_iou_metric: 0.2535 - val_loss: 0.7156 - val_my_iou_metric: 0.5261

Epoch 00001: my_iou_metric improved from -inf to 0.25350, saving model to 004_INCEPTION_UNET.model
Epoch 2/100
, epoch=1
, epoch=0
 - 61s - loss: 0.6774 - my_iou_metric: 0.5091 - val_loss: 0.8320 - val_my_iou_metric: 0.3834

Epoch 00002: my_iou_metric improved from 0.25350 to 0.50909, saving model to 004_INCEPTION_UNET.model
Epoch 3/100
, epoch=2
 - 61s - loss: 0.6172 - my_iou_metric: 0.5417 - val_loss: 0.5691 - val_my_iou_metric: 0.5554

Epoch 00003: my_iou_metric improved from 0.50909 to 0.54169, saving model to 004_INCEPTION_UNET.model
Epoch 4/100
, epoch=3
 - 61s - loss: 0.5566 - my_iou_metric: 0.5607 - val_loss: 0.5884 - val_my_iou_metric: 0.6056

Epoch 00004: my_iou_metric improved from 0.54169 to 0.56075, saving model to 004_INCEPTION_UNET.model
Epoch 5/100
, epoch=4
, epoch=1
 - 61s - loss: 0.5413 - my_iou_metric: 0.5632 - val_loss: 0.4700 - val_my_iou_metric: 0.6046

Epoch 00005: my_iou_metric improved from 0.56075 to 0.56319, saving model to 004_INCEPTION_UNET.model
Epoch 6/100
, epoch=5
, epoch=2
 - 61s - loss: 0.5126 - my_iou_metric: 0.5613 - val_loss: 0.4736 - val_my_iou_metric: 0.5761

Epoch 00006: my_iou_metric did not improve from 0.56319
Epoch 7/100
, epoch=6
 - 60s - loss: 0.5002 - my_iou_metric: 0.5827 - val_loss: 1.1562 - val_my_iou_metric: 0.4029

Epoch 00007: my_iou_metric improved from 0.56319 to 0.58266, saving model to 004_INCEPTION_UNET.model
Epoch 8/100
, epoch=7
, epoch=3
 - 61s - loss: 0.4904 - my_iou_metric: 0.5857 - val_loss: 0.4996 - val_my_iou_metric: 0.5376

Epoch 00008: my_iou_metric improved from 0.58266 to 0.58569, saving model to 004_INCEPTION_UNET.model
Epoch 9/100
, epoch=8
, epoch=4
 - 61s - loss: 0.4695 - my_iou_metric: 0.5967 - val_loss: 0.4751 - val_my_iou_metric: 0.5689

Epoch 00009: my_iou_metric improved from 0.58569 to 0.59672, saving model to 004_INCEPTION_UNET.model
Epoch 10/100
, epoch=9
 - 61s - loss: 0.4465 - my_iou_metric: 0.6013 - val_loss: 0.4430 - val_my_iou_metric: 0.5875

Epoch 00010: my_iou_metric improved from 0.59672 to 0.60131, saving model to 004_INCEPTION_UNET.model
Epoch 11/100
, epoch=10
, epoch=5
 - 61s - loss: 0.4498 - my_iou_metric: 0.5993 - val_loss: 0.6508 - val_my_iou_metric: 0.4773

Epoch 00011: my_iou_metric did not improve from 0.60131
Epoch 12/100
, epoch=11
 - 60s - loss: 0.4317 - my_iou_metric: 0.6084 - val_loss: 0.4143 - val_my_iou_metric: 0.6132

Epoch 00012: my_iou_metric improved from 0.60131 to 0.60844, saving model to 004_INCEPTION_UNET.model
Epoch 13/100
, epoch=12
 - 60s - loss: 0.4491 - my_iou_metric: 0.5993 - val_loss: 0.5100 - val_my_iou_metric: 0.6005

Epoch 00013: my_iou_metric did not improve from 0.60844
Epoch 14/100
, epoch=13
 - 61s - loss: 0.4247 - my_iou_metric: 0.6013 - val_loss: 0.4220 - val_my_iou_metric: 0.5911

Epoch 00014: my_iou_metric did not improve from 0.60844
Epoch 15/100
, epoch=14
 - 61s - loss: 0.4204 - my_iou_metric: 0.6138 - val_loss: 0.4216 - val_my_iou_metric: 0.6745

Epoch 00015: my_iou_metric improved from 0.60844 to 0.61384, saving model to 004_INCEPTION_UNET.model
Epoch 16/100
, epoch=15
 - 61s - loss: 0.4088 - my_iou_metric: 0.6135 - val_loss: 0.4294 - val_my_iou_metric: 0.6099

Epoch 00016: my_iou_metric did not improve from 0.61384
Epoch 17/100
, epoch=16
 - 61s - loss: 0.4098 - my_iou_metric: 0.6217 - val_loss: 0.4162 - val_my_iou_metric: 0.6232

Epoch 00017: my_iou_metric improved from 0.61384 to 0.62169, saving model to 004_INCEPTION_UNET.model
Epoch 18/100
, epoch=17
 - 60s - loss: 0.3978 - my_iou_metric: 0.6228 - val_loss: 0.4028 - val_my_iou_metric: 0.5820

Epoch 00018: my_iou_metric improved from 0.62169 to 0.62284, saving model to 004_INCEPTION_UNET.model
Epoch 19/100
, epoch=18
 - 61s - loss: 0.3916 - my_iou_metric: 0.6151 - val_loss: 0.4531 - val_my_iou_metric: 0.6178

Epoch 00019: my_iou_metric did not improve from 0.62284
Epoch 20/100
, epoch=19
 - 61s - loss: 0.3865 - my_iou_metric: 0.6281 - val_loss: 0.4373 - val_my_iou_metric: 0.5500

Epoch 00020: my_iou_metric improved from 0.62284 to 0.62809, saving model to 004_INCEPTION_UNET.model
Epoch 21/100
, epoch=20
, epoch=6
 - 61s - loss: 0.4067 - my_iou_metric: 0.6126 - val_loss: 0.5548 - val_my_iou_metric: 0.5867

Epoch 00021: my_iou_metric did not improve from 0.62809
Epoch 22/100
, epoch=21
 - 61s - loss: 0.3961 - my_iou_metric: 0.6108 - val_loss: 0.5041 - val_my_iou_metric: 0.6320

Epoch 00022: my_iou_metric did not improve from 0.62809
Epoch 23/100
, epoch=22
 - 61s - loss: 0.3747 - my_iou_metric: 0.6392 - val_loss: 0.4010 - val_my_iou_metric: 0.6036

Epoch 00023: my_iou_metric improved from 0.62809 to 0.63922, saving model to 004_INCEPTION_UNET.model
Epoch 24/100
, epoch=23
 - 61s - loss: 0.3799 - my_iou_metric: 0.6245 - val_loss: 0.4151 - val_my_iou_metric: 0.6370

Epoch 00024: my_iou_metric did not improve from 0.63922
Epoch 25/100
, epoch=24
 - 60s - loss: 0.3872 - my_iou_metric: 0.6277 - val_loss: 0.4511 - val_my_iou_metric: 0.5851

Epoch 00025: my_iou_metric did not improve from 0.63922
Epoch 26/100
, epoch=25
 - 61s - loss: 0.3616 - my_iou_metric: 0.6357 - val_loss: 0.3862 - val_my_iou_metric: 0.6734

Epoch 00026: my_iou_metric did not improve from 0.63922
Epoch 27/100
, epoch=26
, epoch=7
 - 61s - loss: 0.3687 - my_iou_metric: 0.6296 - val_loss: 0.3819 - val_my_iou_metric: 0.6269

Epoch 00027: my_iou_metric did not improve from 0.63922
Epoch 28/100
, epoch=27
 - 61s - loss: 0.3571 - my_iou_metric: 0.6349 - val_loss: 0.4282 - val_my_iou_metric: 0.5870

Epoch 00028: my_iou_metric did not improve from 0.63922

Epoch 00028: ReduceLROnPlateau reducing learning rate to 0.0005000000237487257.
Epoch 29/100
, epoch=28
, epoch=8
 - 63s - loss: 0.3431 - my_iou_metric: 0.6400 - val_loss: 0.4141 - val_my_iou_metric: 0.5896

Epoch 00029: my_iou_metric improved from 0.63922 to 0.63997, saving model to 004_INCEPTION_UNET.model
Epoch 30/100
, epoch=29
, epoch=9
 - 62s - loss: 0.3326 - my_iou_metric: 0.6472 - val_loss: 0.3999 - val_my_iou_metric: 0.6770

Epoch 00030: my_iou_metric improved from 0.63997 to 0.64722, saving model to 004_INCEPTION_UNET.model
Epoch 31/100
, epoch=30
 - 63s - loss: 0.3288 - my_iou_metric: 0.6512 - val_loss: 0.3773 - val_my_iou_metric: 0.6224

Epoch 00031: my_iou_metric improved from 0.64722 to 0.65119, saving model to 004_INCEPTION_UNET.model
Epoch 32/100
, epoch=31
, epoch=10
 - 65s - loss: 0.3284 - my_iou_metric: 0.6457 - val_loss: 0.3540 - val_my_iou_metric: 0.6579

Epoch 00032: my_iou_metric did not improve from 0.65119
Epoch 33/100
, epoch=32
, epoch=11
 - 61s - loss: 0.3153 - my_iou_metric: 0.6540 - val_loss: 0.3497 - val_my_iou_metric: 0.6616

Epoch 00033: my_iou_metric improved from 0.65119 to 0.65397, saving model to 004_INCEPTION_UNET.model
Epoch 34/100
, epoch=33
 - 61s - loss: 0.3211 - my_iou_metric: 0.6576 - val_loss: 0.3703 - val_my_iou_metric: 0.6584

Epoch 00034: my_iou_metric improved from 0.65397 to 0.65759, saving model to 004_INCEPTION_UNET.model
Epoch 35/100
, epoch=34
 - 65s - loss: 0.3115 - my_iou_metric: 0.6636 - val_loss: 0.3711 - val_my_iou_metric: 0.6239

Epoch 00035: my_iou_metric improved from 0.65759 to 0.66359, saving model to 004_INCEPTION_UNET.model
Epoch 36/100
, epoch=35
, epoch=12
 - 61s - loss: 0.3154 - my_iou_metric: 0.6550 - val_loss: 0.3649 - val_my_iou_metric: 0.6873

Epoch 00036: my_iou_metric did not improve from 0.66359
Epoch 37/100
, epoch=36
, epoch=13
 - 65s - loss: 0.3031 - my_iou_metric: 0.6712 - val_loss: 0.3782 - val_my_iou_metric: 0.6860

Epoch 00037: my_iou_metric improved from 0.66359 to 0.67119, saving model to 004_INCEPTION_UNET.model
Epoch 38/100
, epoch=37
, epoch=14
 - 60s - loss: 0.3022 - my_iou_metric: 0.6826 - val_loss: 0.3503 - val_my_iou_metric: 0.6849

Epoch 00038: my_iou_metric improved from 0.67119 to 0.68259, saving model to 004_INCEPTION_UNET.model
Epoch 39/100
, epoch=38
, epoch=15
 - 62s - loss: 0.2992 - my_iou_metric: 0.6900 - val_loss: 0.3583 - val_my_iou_metric: 0.7082

Epoch 00039: my_iou_metric improved from 0.68259 to 0.69003, saving model to 004_INCEPTION_UNET.model
Epoch 40/100
, epoch=39
, epoch=16
 - 66s - loss: 0.2905 - my_iou_metric: 0.6956 - val_loss: 0.3606 - val_my_iou_metric: 0.6789

Epoch 00040: my_iou_metric improved from 0.69003 to 0.69556, saving model to 004_INCEPTION_UNET.model
Epoch 41/100
, epoch=40
, epoch=17
 - 69s - loss: 0.2926 - my_iou_metric: 0.6901 - val_loss: 0.3876 - val_my_iou_metric: 0.5965

Epoch 00041: my_iou_metric did not improve from 0.69556
Epoch 42/100
, epoch=41
, epoch=18
 - 69s - loss: 0.2823 - my_iou_metric: 0.6933 - val_loss: 0.3434 - val_my_iou_metric: 0.6885

Epoch 00042: my_iou_metric did not improve from 0.69556
Epoch 43/100
, epoch=42
, epoch=19
 - 67s - loss: 0.2889 - my_iou_metric: 0.6996 - val_loss: 0.3476 - val_my_iou_metric: 0.7220

Epoch 00043: my_iou_metric improved from 0.69556 to 0.69959, saving model to 004_INCEPTION_UNET.model
Epoch 44/100
, epoch=43
, epoch=20
 - 69s - loss: 0.2816 - my_iou_metric: 0.7009 - val_loss: 0.3483 - val_my_iou_metric: 0.7001

Epoch 00044: my_iou_metric improved from 0.69959 to 0.70094, saving model to 004_INCEPTION_UNET.model
Epoch 45/100
, epoch=44
, epoch=21
 - 70s - loss: 0.2791 - my_iou_metric: 0.6967 - val_loss: 0.3449 - val_my_iou_metric: 0.7011

Epoch 00045: my_iou_metric did not improve from 0.70094
Epoch 46/100
, epoch=45
, epoch=22
 - 70s - loss: 0.2834 - my_iou_metric: 0.7099 - val_loss: 0.3331 - val_my_iou_metric: 0.7034

Epoch 00046: my_iou_metric improved from 0.70094 to 0.70991, saving model to 004_INCEPTION_UNET.model
Epoch 47/100
, epoch=46
, epoch=23
 - 70s - loss: 0.2687 - my_iou_metric: 0.7171 - val_loss: 0.4508 - val_my_iou_metric: 0.6598

Epoch 00047: my_iou_metric improved from 0.70991 to 0.71713, saving model to 004_INCEPTION_UNET.model
Epoch 48/100
, epoch=47
, epoch=24
 - 70s - loss: 0.2645 - my_iou_metric: 0.7178 - val_loss: 0.3795 - val_my_iou_metric: 0.6856

Epoch 00048: my_iou_metric improved from 0.71713 to 0.71778, saving model to 004_INCEPTION_UNET.model
Epoch 49/100
, epoch=48
, epoch=25
 - 70s - loss: 0.2561 - my_iou_metric: 0.7247 - val_loss: 0.3077 - val_my_iou_metric: 0.7131

Epoch 00049: my_iou_metric improved from 0.71778 to 0.72472, saving model to 004_INCEPTION_UNET.model
Epoch 50/100
, epoch=49
, epoch=26
 - 70s - loss: 0.2518 - my_iou_metric: 0.7273 - val_loss: 0.3868 - val_my_iou_metric: 0.7047

Epoch 00050: my_iou_metric improved from 0.72472 to 0.72725, saving model to 004_INCEPTION_UNET.model
Epoch 51/100
, epoch=50
, epoch=27
 - 70s - loss: 0.2564 - my_iou_metric: 0.7312 - val_loss: 0.3725 - val_my_iou_metric: 0.7039

Epoch 00051: my_iou_metric improved from 0.72725 to 0.73119, saving model to 004_INCEPTION_UNET.model
Epoch 52/100
, epoch=51
, epoch=28
 - 70s - loss: 0.2436 - my_iou_metric: 0.7373 - val_loss: 0.3370 - val_my_iou_metric: 0.6821

Epoch 00052: my_iou_metric improved from 0.73119 to 0.73731, saving model to 004_INCEPTION_UNET.model
Epoch 53/100
, epoch=52
, epoch=29
 - 70s - loss: 0.2352 - my_iou_metric: 0.7431 - val_loss: 0.3255 - val_my_iou_metric: 0.7145

Epoch 00053: my_iou_metric improved from 0.73731 to 0.74309, saving model to 004_INCEPTION_UNET.model
Epoch 54/100
, epoch=53
, epoch=30
 - 70s - loss: 0.2250 - my_iou_metric: 0.7505 - val_loss: 0.3378 - val_my_iou_metric: 0.7326

Epoch 00054: my_iou_metric improved from 0.74309 to 0.75050, saving model to 004_INCEPTION_UNET.model
Epoch 55/100
, epoch=54
, epoch=31
 - 70s - loss: 0.2301 - my_iou_metric: 0.7391 - val_loss: 0.3535 - val_my_iou_metric: 0.7229

Epoch 00055: my_iou_metric did not improve from 0.75050
Epoch 56/100
, epoch=55
, epoch=32
 - 70s - loss: 0.2195 - my_iou_metric: 0.7604 - val_loss: 0.3512 - val_my_iou_metric: 0.6948

Epoch 00056: my_iou_metric improved from 0.75050 to 0.76037, saving model to 004_INCEPTION_UNET.model
Epoch 57/100
, epoch=56
, epoch=33
 - 70s - loss: 0.2278 - my_iou_metric: 0.7500 - val_loss: 0.3476 - val_my_iou_metric: 0.7129

Epoch 00057: my_iou_metric did not improve from 0.76037
Epoch 58/100
, epoch=57
, epoch=34
 - 70s - loss: 0.2078 - my_iou_metric: 0.7609 - val_loss: 0.3213 - val_my_iou_metric: 0.7339

Epoch 00058: my_iou_metric improved from 0.76037 to 0.76091, saving model to 004_INCEPTION_UNET.model
Epoch 59/100
, epoch=58
, epoch=35
 - 70s - loss: 0.2023 - my_iou_metric: 0.7716 - val_loss: 0.3214 - val_my_iou_metric: 0.7437

Epoch 00059: my_iou_metric improved from 0.76091 to 0.77162, saving model to 004_INCEPTION_UNET.model
Epoch 60/100
, epoch=59
 - 69s - loss: 0.2025 - my_iou_metric: 0.7642 - val_loss: 0.4001 - val_my_iou_metric: 0.6446

Epoch 00060: my_iou_metric did not improve from 0.77162
Epoch 61/100
, epoch=60
, epoch=36
 - 70s - loss: 0.1938 - my_iou_metric: 0.7614 - val_loss: 0.3185 - val_my_iou_metric: 0.7488

Epoch 00061: my_iou_metric did not improve from 0.77162
Epoch 62/100
, epoch=61
, epoch=37
 - 71s - loss: 0.2108 - my_iou_metric: 0.7615 - val_loss: 0.3403 - val_my_iou_metric: 0.7400

Epoch 00062: my_iou_metric did not improve from 0.77162
Epoch 63/100
, epoch=62
, epoch=38
 - 71s - loss: 0.1999 - my_iou_metric: 0.7778 - val_loss: 0.3201 - val_my_iou_metric: 0.7505

Epoch 00063: my_iou_metric improved from 0.77162 to 0.77778, saving model to 004_INCEPTION_UNET.model
Epoch 64/100
, epoch=63
, epoch=39
 - 71s - loss: 0.1890 - my_iou_metric: 0.7694 - val_loss: 0.3135 - val_my_iou_metric: 0.7415

Epoch 00064: my_iou_metric did not improve from 0.77778
Epoch 65/100
, epoch=64
, epoch=40
 - 70s - loss: 0.1808 - my_iou_metric: 0.7792 - val_loss: 0.3445 - val_my_iou_metric: 0.7249

Epoch 00065: my_iou_metric improved from 0.77778 to 0.77922, saving model to 004_INCEPTION_UNET.model
Epoch 66/100
, epoch=65
, epoch=41
 - 71s - loss: 0.1877 - my_iou_metric: 0.7740 - val_loss: 0.3250 - val_my_iou_metric: 0.7525

Epoch 00066: my_iou_metric did not improve from 0.77922
Epoch 67/100
, epoch=66
 - 71s - loss: 0.1809 - my_iou_metric: 0.7850 - val_loss: 0.3776 - val_my_iou_metric: 0.6934

Epoch 00067: my_iou_metric improved from 0.77922 to 0.78503, saving model to 004_INCEPTION_UNET.model
Epoch 68/100
, epoch=67
, epoch=42
 - 69s - loss: 0.1719 - my_iou_metric: 0.7845 - val_loss: 0.3213 - val_my_iou_metric: 0.7288

Epoch 00068: my_iou_metric did not improve from 0.78503
Epoch 69/100
, epoch=68
, epoch=43
 - 70s - loss: 0.1737 - my_iou_metric: 0.7842 - val_loss: 0.3461 - val_my_iou_metric: 0.7546

Epoch 00069: my_iou_metric did not improve from 0.78503
Epoch 70/100
, epoch=69
, epoch=44
 - 70s - loss: 0.1560 - my_iou_metric: 0.7951 - val_loss: 0.3448 - val_my_iou_metric: 0.7472

Epoch 00070: my_iou_metric improved from 0.78503 to 0.79506, saving model to 004_INCEPTION_UNET.model
Epoch 71/100
, epoch=70
, epoch=45
 - 71s - loss: 0.1699 - my_iou_metric: 0.7943 - val_loss: 0.3827 - val_my_iou_metric: 0.7245

Epoch 00071: my_iou_metric did not improve from 0.79506
Epoch 72/100
, epoch=71
 - 71s - loss: 0.1712 - my_iou_metric: 0.7998 - val_loss: 0.5068 - val_my_iou_metric: 0.7325

Epoch 00072: my_iou_metric improved from 0.79506 to 0.79981, saving model to 004_INCEPTION_UNET.model
Epoch 73/100
, epoch=72
, epoch=46
 - 70s - loss: 0.1820 - my_iou_metric: 0.7913 - val_loss: 0.3084 - val_my_iou_metric: 0.7390

Epoch 00073: my_iou_metric did not improve from 0.79981
Epoch 74/100
, epoch=73
, epoch=47
 - 69s - loss: 0.1617 - my_iou_metric: 0.7992 - val_loss: 0.3680 - val_my_iou_metric: 0.7317

Epoch 00074: my_iou_metric did not improve from 0.79981
Epoch 75/100
, epoch=74
, epoch=48
 - 71s - loss: 0.1501 - my_iou_metric: 0.8015 - val_loss: 0.3696 - val_my_iou_metric: 0.7517

Epoch 00075: my_iou_metric improved from 0.79981 to 0.80147, saving model to 004_INCEPTION_UNET.model
Epoch 76/100
, epoch=75
, epoch=49
 - 70s - loss: 0.1438 - my_iou_metric: 0.8030 - val_loss: 0.3538 - val_my_iou_metric: 0.7555

Epoch 00076: my_iou_metric improved from 0.80147 to 0.80303, saving model to 004_INCEPTION_UNET.model
Epoch 77/100
, epoch=76
, epoch=50
 - 70s - loss: 0.1681 - my_iou_metric: 0.7938 - val_loss: 0.3813 - val_my_iou_metric: 0.7329

Epoch 00077: my_iou_metric did not improve from 0.80303
Epoch 78/100
, epoch=77
, epoch=51
 - 70s - loss: 0.1672 - my_iou_metric: 0.7981 - val_loss: 0.3264 - val_my_iou_metric: 0.7623

Epoch 00078: my_iou_metric did not improve from 0.80303
Epoch 79/100
, epoch=78
, epoch=52
 - 69s - loss: 0.1783 - my_iou_metric: 0.7879 - val_loss: 0.3472 - val_my_iou_metric: 0.7628

Epoch 00079: my_iou_metric did not improve from 0.80303
Epoch 80/100
, epoch=79
, epoch=53
 - 70s - loss: 0.1555 - my_iou_metric: 0.7972 - val_loss: 0.3293 - val_my_iou_metric: 0.7631

Epoch 00080: my_iou_metric did not improve from 0.80303
Epoch 81/100
, epoch=80
, epoch=54
 - 70s - loss: 0.1454 - my_iou_metric: 0.8066 - val_loss: 0.3258 - val_my_iou_metric: 0.7610

Epoch 00081: my_iou_metric improved from 0.80303 to 0.80656, saving model to 004_INCEPTION_UNET.model
Epoch 82/100
, epoch=81
, epoch=55
 - 71s - loss: 0.1600 - my_iou_metric: 0.7975 - val_loss: 0.3839 - val_my_iou_metric: 0.7511

Epoch 00082: my_iou_metric did not improve from 0.80656
Epoch 83/100
, epoch=82
, epoch=56
 - 70s - loss: 0.1426 - my_iou_metric: 0.8089 - val_loss: 0.3189 - val_my_iou_metric: 0.7560

Epoch 00083: my_iou_metric improved from 0.80656 to 0.80887, saving model to 004_INCEPTION_UNET.model
Epoch 84/100
, epoch=83
, epoch=57
 - 70s - loss: 0.1401 - my_iou_metric: 0.8121 - val_loss: 0.3348 - val_my_iou_metric: 0.7570

Epoch 00084: my_iou_metric improved from 0.80887 to 0.81209, saving model to 004_INCEPTION_UNET.model
Epoch 85/100
, epoch=84
, epoch=58
 - 70s - loss: 0.1337 - my_iou_metric: 0.8074 - val_loss: 0.4092 - val_my_iou_metric: 0.7371

Epoch 00085: my_iou_metric did not improve from 0.81209
Epoch 86/100
, epoch=85
, epoch=59
 - 69s - loss: 0.1347 - my_iou_metric: 0.8168 - val_loss: 0.3571 - val_my_iou_metric: 0.7582

Epoch 00086: my_iou_metric improved from 0.81209 to 0.81684, saving model to 004_INCEPTION_UNET.model
Epoch 87/100
, epoch=86
, epoch=60
 - 70s - loss: 0.1279 - my_iou_metric: 0.8169 - val_loss: 0.3529 - val_my_iou_metric: 0.7604

Epoch 00087: my_iou_metric improved from 0.81684 to 0.81694, saving model to 004_INCEPTION_UNET.model
Epoch 88/100
, epoch=87
, epoch=61
 - 71s - loss: 0.1581 - my_iou_metric: 0.8086 - val_loss: 0.3658 - val_my_iou_metric: 0.7565

Epoch 00088: my_iou_metric did not improve from 0.81694
Epoch 89/100
, epoch=88
, epoch=62
 - 71s - loss: 0.1413 - my_iou_metric: 0.8133 - val_loss: 0.3966 - val_my_iou_metric: 0.7528

Epoch 00089: my_iou_metric did not improve from 0.81694
Epoch 90/100
, epoch=89
, epoch=63
 - 71s - loss: 0.1345 - my_iou_metric: 0.8111 - val_loss: 0.4072 - val_my_iou_metric: 0.7234

Epoch 00090: my_iou_metric did not improve from 0.81694
Epoch 91/100
, epoch=90
, epoch=64
 - 70s - loss: 0.1332 - my_iou_metric: 0.8177 - val_loss: 0.3532 - val_my_iou_metric: 0.7623

Epoch 00091: my_iou_metric improved from 0.81694 to 0.81772, saving model to 004_INCEPTION_UNET.model
Epoch 92/100
, epoch=91
, epoch=65
 - 70s - loss: 0.1136 - my_iou_metric: 0.8355 - val_loss: 0.3193 - val_my_iou_metric: 0.7664

Epoch 00092: my_iou_metric improved from 0.81772 to 0.83547, saving model to 004_INCEPTION_UNET.model
Epoch 93/100
, epoch=92
, epoch=66
 - 70s - loss: 0.1124 - my_iou_metric: 0.8311 - val_loss: 0.3394 - val_my_iou_metric: 0.7698

Epoch 00093: my_iou_metric did not improve from 0.83547
Epoch 94/100
, epoch=93
, epoch=67
 - 70s - loss: 0.1338 - my_iou_metric: 0.8206 - val_loss: 0.3149 - val_my_iou_metric: 0.7247

Epoch 00094: my_iou_metric did not improve from 0.83547
Epoch 95/100
, epoch=94
, epoch=68
 - 71s - loss: 0.1333 - my_iou_metric: 0.8181 - val_loss: 0.3578 - val_my_iou_metric: 0.7631

Epoch 00095: my_iou_metric did not improve from 0.83547
Epoch 96/100
, epoch=95
, epoch=69
 - 71s - loss: 0.1289 - my_iou_metric: 0.8254 - val_loss: 0.4245 - val_my_iou_metric: 0.6949

Epoch 00096: my_iou_metric did not improve from 0.83547
Epoch 97/100
, epoch=96
, epoch=70
 - 70s - loss: 0.1344 - my_iou_metric: 0.8247 - val_loss: 0.3124 - val_my_iou_metric: 0.7679

Epoch 00097: my_iou_metric did not improve from 0.83547

Epoch 00097: ReduceLROnPlateau reducing learning rate to 0.0002500000118743628.
Epoch 98/100
, epoch=97
, epoch=71
 - 70s - loss: 0.1064 - my_iou_metric: 0.8377 - val_loss: 0.3609 - val_my_iou_metric: 0.7680

Epoch 00098: my_iou_metric improved from 0.83547 to 0.83766, saving model to 004_INCEPTION_UNET.model
Epoch 99/100
, epoch=98
, epoch=72
 - 70s - loss: 0.0986 - my_iou_metric: 0.8395 - val_loss: 0.3503 - val_my_iou_metric: 0.7562

Epoch 00099: my_iou_metric improved from 0.83766 to 0.83947, saving model to 004_INCEPTION_UNET.model
Epoch 100/100
, epoch=99
, epoch=73
 - 69s - loss: 0.0980 - my_iou_metric: 0.8403 - val_loss: 0.3512 - val_my_iou_metric: 0.7514

Epoch 00100: my_iou_metric improved from 0.83947 to 0.84025, saving model to 004_INCEPTION_UNET.model
load first model
second training
Epoch 1/200
, epoch=100
, epoch=74
 - 167s - loss: 0.3149 - my_iou_metric_2: 0.8464 - val_loss: 0.5296 - val_my_iou_metric_2: 0.7637

Epoch 00001: val_my_iou_metric_2 improved from -inf to 0.76375, saving model to 004_INCEPTION_UNET.model
Epoch 2/200
, epoch=101
, epoch=75
 - 116s - loss: 0.3017 - my_iou_metric_2: 0.8376 - val_loss: 0.4451 - val_my_iou_metric_2: 0.7703

Epoch 00002: val_my_iou_metric_2 improved from 0.76375 to 0.77025, saving model to 004_INCEPTION_UNET.model
Epoch 3/200
, epoch=102
, epoch=76
 - 116s - loss: 0.3026 - my_iou_metric_2: 0.8325 - val_loss: 0.4354 - val_my_iou_metric_2: 0.7794

Epoch 00003: val_my_iou_metric_2 improved from 0.77025 to 0.77938, saving model to 004_INCEPTION_UNET.model
Epoch 4/200
, epoch=103
, epoch=77
 - 115s - loss: 0.3076 - my_iou_metric_2: 0.8281 - val_loss: 0.4427 - val_my_iou_metric_2: 0.7681

Epoch 00004: val_my_iou_metric_2 did not improve from 0.77938
Epoch 5/200
, epoch=104
, epoch=78
 - 116s - loss: 0.3007 - my_iou_metric_2: 0.8325 - val_loss: 0.4454 - val_my_iou_metric_2: 0.7689

Epoch 00005: val_my_iou_metric_2 did not improve from 0.77938
Epoch 6/200
, epoch=105
, epoch=79
 - 116s - loss: 0.3117 - my_iou_metric_2: 0.8225 - val_loss: 0.4488 - val_my_iou_metric_2: 0.7721

Epoch 00006: val_my_iou_metric_2 did not improve from 0.77938
Epoch 7/200
, epoch=106
, epoch=80
 - 116s - loss: 0.3156 - my_iou_metric_2: 0.8213 - val_loss: 0.4175 - val_my_iou_metric_2: 0.7743

Epoch 00007: val_my_iou_metric_2 did not improve from 0.77938
Epoch 8/200
, epoch=107
, epoch=81
 - 117s - loss: 0.3225 - my_iou_metric_2: 0.8184 - val_loss: 0.4780 - val_my_iou_metric_2: 0.7448

Epoch 00008: val_my_iou_metric_2 did not improve from 0.77938

Epoch 00008: ReduceLROnPlateau reducing learning rate to 0.0002500000118743628.
Epoch 9/200
, epoch=108
, epoch=82
 - 115s - loss: 0.3169 - my_iou_metric_2: 0.8184 - val_loss: 0.4017 - val_my_iou_metric_2: 0.7815

Epoch 00009: val_my_iou_metric_2 improved from 0.77938 to 0.78150, saving model to 004_INCEPTION_UNET.model
Epoch 10/200
, epoch=109
, epoch=83
 - 115s - loss: 0.2747 - my_iou_metric_2: 0.8401 - val_loss: 0.4172 - val_my_iou_metric_2: 0.7811

Epoch 00010: val_my_iou_metric_2 did not improve from 0.78150
Epoch 11/200
, epoch=110
, epoch=84
 - 115s - loss: 0.2678 - my_iou_metric_2: 0.8438 - val_loss: 0.4028 - val_my_iou_metric_2: 0.7852

Epoch 00011: val_my_iou_metric_2 improved from 0.78150 to 0.78525, saving model to 004_INCEPTION_UNET.model
Epoch 12/200
, epoch=111
, epoch=85
 - 116s - loss: 0.2842 - my_iou_metric_2: 0.8366 - val_loss: 0.3824 - val_my_iou_metric_2: 0.7870

Epoch 00012: val_my_iou_metric_2 improved from 0.78525 to 0.78700, saving model to 004_INCEPTION_UNET.model
Epoch 13/200
, epoch=112
, epoch=86
 - 103s - loss: 0.2674 - my_iou_metric_2: 0.8424 - val_loss: 0.3989 - val_my_iou_metric_2: 0.7839

Epoch 00013: val_my_iou_metric_2 did not improve from 0.78700
Epoch 14/200
, epoch=113
, epoch=87
 - 107s - loss: 0.2645 - my_iou_metric_2: 0.8431 - val_loss: 0.4126 - val_my_iou_metric_2: 0.7769

Epoch 00014: val_my_iou_metric_2 did not improve from 0.78700
Epoch 15/200
, epoch=114
, epoch=88
 - 112s - loss: 0.2590 - my_iou_metric_2: 0.8449 - val_loss: 0.4128 - val_my_iou_metric_2: 0.7779

Epoch 00015: val_my_iou_metric_2 did not improve from 0.78700
Epoch 16/200
, epoch=115
