2018-09-18 11:13:36.868432: I tensorflow/stream_executor/cuda/cuda_gpu_executor.cc:898] successful NUMA node read from SysFS had negative value (-1), but there must be at least one NUMA node, so returning NUMA node zero
2018-09-18 11:13:36.869781: I tensorflow/core/common_runtime/gpu/gpu_device.cc:1356] Found device 0 with properties: 
name: GeForce GTX 1070 major: 6 minor: 1 memoryClockRate(GHz): 1.7085
pciBusID: 0000:02:00.0
totalMemory: 7.93GiB freeMemory: 7.69GiB
2018-09-18 11:13:36.869966: I tensorflow/core/common_runtime/gpu/gpu_device.cc:1435] Adding visible gpu devices: 0
2018-09-18 11:13:37.221989: I tensorflow/core/common_runtime/gpu/gpu_device.cc:923] Device interconnect StreamExecutor with strength 1 edge matrix:
2018-09-18 11:13:37.222306: I tensorflow/core/common_runtime/gpu/gpu_device.cc:929]      0 
2018-09-18 11:13:37.222406: I tensorflow/core/common_runtime/gpu/gpu_device.cc:942] 0:   N 
2018-09-18 11:13:37.222767: I tensorflow/core/common_runtime/gpu/gpu_device.cc:1053] Created TensorFlow device (/job:localhost/replica:0/task:0/device:GPU:0 with 7428 MB memory) -> physical GPU (device: 0, name: GeForce GTX 1070, pci bus id: 0000:02:00.0, compute capability: 6.1)
005_INCEPTION_UNET_MIXUP.model
005_INCEPTION_UNET_MIXUP.csv
load dataset
set tf session
prepare model
first training
Epoch 1/100
Using TensorFlow backend.
, epoch=0
, epoch=0
 - 128s - loss: 0.8989 - my_iou_metric: 0.2228 - val_loss: 0.7064 - val_my_iou_metric: 0.5460

Epoch 00001: my_iou_metric improved from -inf to 0.22284, saving model to 005_INCEPTION_UNET_MIXUP.model
Epoch 2/100
, epoch=1
, epoch=1
 - 81s - loss: 0.7197 - my_iou_metric: 0.3317 - val_loss: 0.5932 - val_my_iou_metric: 0.6159

Epoch 00002: my_iou_metric improved from 0.22284 to 0.33166, saving model to 005_INCEPTION_UNET_MIXUP.model
Epoch 3/100
, epoch=2
, epoch=2
 - 81s - loss: 0.6576 - my_iou_metric: 0.3437 - val_loss: 0.5265 - val_my_iou_metric: 0.6648

Epoch 00003: my_iou_metric improved from 0.33166 to 0.34369, saving model to 005_INCEPTION_UNET_MIXUP.model
Epoch 4/100
, epoch=3
, epoch=3
 - 82s - loss: 0.6272 - my_iou_metric: 0.3469 - val_loss: 0.5571 - val_my_iou_metric: 0.6083

Epoch 00004: my_iou_metric improved from 0.34369 to 0.34688, saving model to 005_INCEPTION_UNET_MIXUP.model
Epoch 5/100
, epoch=4
, epoch=4
 - 81s - loss: 0.5968 - my_iou_metric: 0.3626 - val_loss: 0.5419 - val_my_iou_metric: 0.5753

Epoch 00005: my_iou_metric improved from 0.34688 to 0.36256, saving model to 005_INCEPTION_UNET_MIXUP.model
Epoch 6/100
, epoch=5
 - 81s - loss: 0.5651 - my_iou_metric: 0.3670 - val_loss: 0.4870 - val_my_iou_metric: 0.6765

Epoch 00006: my_iou_metric improved from 0.36256 to 0.36700, saving model to 005_INCEPTION_UNET_MIXUP.model
Epoch 7/100
, epoch=6
, epoch=5
 - 82s - loss: 0.5660 - my_iou_metric: 0.3798 - val_loss: 0.4847 - val_my_iou_metric: 0.6666

Epoch 00007: my_iou_metric improved from 0.36700 to 0.37981, saving model to 005_INCEPTION_UNET_MIXUP.model
Epoch 8/100
, epoch=7
, epoch=6
 - 82s - loss: 0.5286 - my_iou_metric: 0.3870 - val_loss: 0.5199 - val_my_iou_metric: 0.6695

Epoch 00008: my_iou_metric improved from 0.37981 to 0.38697, saving model to 005_INCEPTION_UNET_MIXUP.model
Epoch 9/100
, epoch=8
, epoch=7
 - 82s - loss: 0.5328 - my_iou_metric: 0.3839 - val_loss: 0.5270 - val_my_iou_metric: 0.6058

Epoch 00009: my_iou_metric did not improve from 0.38697
Epoch 10/100
, epoch=9
 - 81s - loss: 0.5270 - my_iou_metric: 0.4048 - val_loss: 0.4798 - val_my_iou_metric: 0.6554

Epoch 00010: my_iou_metric improved from 0.38697 to 0.40481, saving model to 005_INCEPTION_UNET_MIXUP.model
Epoch 11/100
, epoch=10
 - 82s - loss: 0.4870 - my_iou_metric: 0.4113 - val_loss: 0.4604 - val_my_iou_metric: 0.7096

Epoch 00011: my_iou_metric improved from 0.40481 to 0.41134, saving model to 005_INCEPTION_UNET_MIXUP.model
Epoch 12/100
, epoch=11
, epoch=8
 - 82s - loss: 0.4663 - my_iou_metric: 0.4184 - val_loss: 0.3885 - val_my_iou_metric: 0.6917

Epoch 00012: my_iou_metric improved from 0.41134 to 0.41841, saving model to 005_INCEPTION_UNET_MIXUP.model
Epoch 13/100
, epoch=12
, epoch=9
 - 82s - loss: 0.4514 - my_iou_metric: 0.4203 - val_loss: 0.4116 - val_my_iou_metric: 0.7205

Epoch 00013: my_iou_metric improved from 0.41841 to 0.42034, saving model to 005_INCEPTION_UNET_MIXUP.model
Epoch 14/100
, epoch=13
, epoch=10
 - 82s - loss: 0.4570 - my_iou_metric: 0.4224 - val_loss: 0.4176 - val_my_iou_metric: 0.6769

Epoch 00014: my_iou_metric improved from 0.42034 to 0.42244, saving model to 005_INCEPTION_UNET_MIXUP.model
Epoch 15/100
, epoch=14
, epoch=11
 - 82s - loss: 0.4419 - my_iou_metric: 0.4359 - val_loss: 0.3831 - val_my_iou_metric: 0.7361

Epoch 00015: my_iou_metric improved from 0.42244 to 0.43588, saving model to 005_INCEPTION_UNET_MIXUP.model
Epoch 16/100
, epoch=15
 - 82s - loss: 0.4522 - my_iou_metric: 0.4263 - val_loss: 0.3927 - val_my_iou_metric: 0.6849

Epoch 00016: my_iou_metric did not improve from 0.43588
Epoch 17/100
, epoch=16
, epoch=12
 - 82s - loss: 0.4379 - my_iou_metric: 0.4343 - val_loss: 0.4113 - val_my_iou_metric: 0.7024

Epoch 00017: my_iou_metric did not improve from 0.43588
Epoch 18/100
, epoch=17
, epoch=13
 - 82s - loss: 0.4318 - my_iou_metric: 0.4252 - val_loss: 0.4574 - val_my_iou_metric: 0.7236

Epoch 00018: my_iou_metric did not improve from 0.43588
Epoch 19/100
, epoch=18
, epoch=14
 - 82s - loss: 0.4559 - my_iou_metric: 0.4225 - val_loss: 0.4682 - val_my_iou_metric: 0.6631

Epoch 00019: my_iou_metric did not improve from 0.43588
Epoch 20/100
, epoch=19
, epoch=15
 - 83s - loss: 0.4198 - my_iou_metric: 0.4534 - val_loss: 0.4590 - val_my_iou_metric: 0.6407

Epoch 00020: my_iou_metric improved from 0.43588 to 0.45337, saving model to 005_INCEPTION_UNET_MIXUP.model
Epoch 21/100
, epoch=20
, epoch=16
 - 82s - loss: 0.4207 - my_iou_metric: 0.4509 - val_loss: 0.4618 - val_my_iou_metric: 0.7107

Epoch 00021: my_iou_metric did not improve from 0.45337
Epoch 22/100
, epoch=21
, epoch=17
 - 82s - loss: 0.4127 - my_iou_metric: 0.4446 - val_loss: 0.3781 - val_my_iou_metric: 0.7131

Epoch 00022: my_iou_metric did not improve from 0.45337
Epoch 23/100
, epoch=22
, epoch=18
 - 82s - loss: 0.4213 - my_iou_metric: 0.4378 - val_loss: 0.4007 - val_my_iou_metric: 0.6770

Epoch 00023: my_iou_metric did not improve from 0.45337
Epoch 24/100
, epoch=23
, epoch=19
 - 82s - loss: 0.3988 - my_iou_metric: 0.4420 - val_loss: 0.4546 - val_my_iou_metric: 0.7147

Epoch 00024: my_iou_metric did not improve from 0.45337
Epoch 25/100
, epoch=24
 - 82s - loss: 0.4019 - my_iou_metric: 0.4438 - val_loss: 0.4441 - val_my_iou_metric: 0.7115

Epoch 00025: my_iou_metric did not improve from 0.45337

Epoch 00025: ReduceLROnPlateau reducing learning rate to 0.0005000000237487257.
Epoch 26/100
, epoch=25
 - 82s - loss: 0.3852 - my_iou_metric: 0.4538 - val_loss: 0.3602 - val_my_iou_metric: 0.7426

Epoch 00026: my_iou_metric improved from 0.45337 to 0.45381, saving model to 005_INCEPTION_UNET_MIXUP.model
Epoch 27/100
, epoch=26
 - 82s - loss: 0.3659 - my_iou_metric: 0.4588 - val_loss: 0.3520 - val_my_iou_metric: 0.7459

Epoch 00027: my_iou_metric improved from 0.45381 to 0.45878, saving model to 005_INCEPTION_UNET_MIXUP.model
Epoch 28/100
, epoch=27
, epoch=20
 - 82s - loss: 0.3430 - my_iou_metric: 0.4751 - val_loss: 0.3371 - val_my_iou_metric: 0.7785

Epoch 00028: my_iou_metric improved from 0.45878 to 0.47506, saving model to 005_INCEPTION_UNET_MIXUP.model
Epoch 29/100
, epoch=28
 - 81s - loss: 0.3617 - my_iou_metric: 0.4733 - val_loss: 0.3539 - val_my_iou_metric: 0.7458

Epoch 00029: my_iou_metric did not improve from 0.47506
Epoch 30/100
, epoch=29
, epoch=21
 - 82s - loss: 0.3503 - my_iou_metric: 0.4716 - val_loss: 0.3679 - val_my_iou_metric: 0.7639

Epoch 00030: my_iou_metric did not improve from 0.47506
Epoch 31/100
, epoch=30
, epoch=22
 - 82s - loss: 0.3476 - my_iou_metric: 0.4742 - val_loss: 0.3386 - val_my_iou_metric: 0.7530

Epoch 00031: my_iou_metric did not improve from 0.47506
Epoch 32/100
, epoch=31
, epoch=23
 - 82s - loss: 0.3569 - my_iou_metric: 0.4686 - val_loss: 0.3230 - val_my_iou_metric: 0.7754

Epoch 00032: my_iou_metric did not improve from 0.47506
Epoch 33/100
, epoch=32
, epoch=24
 - 88s - loss: 0.3456 - my_iou_metric: 0.4715 - val_loss: 0.3374 - val_my_iou_metric: 0.7796

Epoch 00033: my_iou_metric did not improve from 0.47506

Epoch 00033: ReduceLROnPlateau reducing learning rate to 0.0002500000118743628.
Epoch 34/100
, epoch=33
, epoch=25
 - 82s - loss: 0.3341 - my_iou_metric: 0.4800 - val_loss: 0.3289 - val_my_iou_metric: 0.7444

Epoch 00034: my_iou_metric improved from 0.47506 to 0.47997, saving model to 005_INCEPTION_UNET_MIXUP.model
Epoch 35/100
, epoch=34
, epoch=26
 - 82s - loss: 0.3188 - my_iou_metric: 0.4879 - val_loss: 0.3098 - val_my_iou_metric: 0.7715

Epoch 00035: my_iou_metric improved from 0.47997 to 0.48787, saving model to 005_INCEPTION_UNET_MIXUP.model
Epoch 36/100
, epoch=35
, epoch=27
 - 82s - loss: 0.3270 - my_iou_metric: 0.4792 - val_loss: 0.3115 - val_my_iou_metric: 0.7796

Epoch 00036: my_iou_metric did not improve from 0.48787
Epoch 37/100
, epoch=36
, epoch=28
 - 82s - loss: 0.3126 - my_iou_metric: 0.4808 - val_loss: 0.3061 - val_my_iou_metric: 0.7766

Epoch 00037: my_iou_metric did not improve from 0.48787
Epoch 38/100
, epoch=37
, epoch=29
 - 82s - loss: 0.3205 - my_iou_metric: 0.5000 - val_loss: 0.3089 - val_my_iou_metric: 0.7650

Epoch 00038: my_iou_metric improved from 0.48787 to 0.50000, saving model to 005_INCEPTION_UNET_MIXUP.model
Epoch 39/100
, epoch=38
, epoch=30
 - 81s - loss: 0.3116 - my_iou_metric: 0.4897 - val_loss: 0.3052 - val_my_iou_metric: 0.7720

Epoch 00039: my_iou_metric did not improve from 0.50000
Epoch 40/100
, epoch=39
, epoch=31
 - 82s - loss: 0.3187 - my_iou_metric: 0.4851 - val_loss: 0.3279 - val_my_iou_metric: 0.7515

Epoch 00040: my_iou_metric did not improve from 0.50000
Epoch 41/100
, epoch=40
, epoch=32
 - 82s - loss: 0.3128 - my_iou_metric: 0.4960 - val_loss: 0.3104 - val_my_iou_metric: 0.7757

Epoch 00041: my_iou_metric did not improve from 0.50000
Epoch 42/100
, epoch=41
, epoch=33
 - 82s - loss: 0.3072 - my_iou_metric: 0.4951 - val_loss: 0.3097 - val_my_iou_metric: 0.7782

Epoch 00042: my_iou_metric did not improve from 0.50000
Epoch 43/100
, epoch=42
, epoch=34
 - 82s - loss: 0.3120 - my_iou_metric: 0.4813 - val_loss: 0.3150 - val_my_iou_metric: 0.7634

Epoch 00043: my_iou_metric did not improve from 0.50000

Epoch 00043: ReduceLROnPlateau reducing learning rate to 0.0001250000059371814.
Epoch 44/100
, epoch=43
, epoch=35
 - 82s - loss: 0.3023 - my_iou_metric: 0.5002 - val_loss: 0.2830 - val_my_iou_metric: 0.7769

Epoch 00044: my_iou_metric improved from 0.50000 to 0.50022, saving model to 005_INCEPTION_UNET_MIXUP.model
Epoch 45/100
, epoch=44
, epoch=36
 - 82s - loss: 0.3035 - my_iou_metric: 0.4857 - val_loss: 0.2916 - val_my_iou_metric: 0.7736

Epoch 00045: my_iou_metric did not improve from 0.50022
Epoch 46/100
, epoch=45
, epoch=37
 - 82s - loss: 0.3026 - my_iou_metric: 0.4964 - val_loss: 0.2859 - val_my_iou_metric: 0.7730

Epoch 00046: my_iou_metric did not improve from 0.50022
Epoch 47/100
, epoch=46
, epoch=38
 - 82s - loss: 0.2987 - my_iou_metric: 0.4997 - val_loss: 0.2871 - val_my_iou_metric: 0.7740

Epoch 00047: my_iou_metric did not improve from 0.50022
Epoch 48/100
, epoch=47
, epoch=39
 - 83s - loss: 0.2954 - my_iou_metric: 0.5102 - val_loss: 0.2795 - val_my_iou_metric: 0.7786

Epoch 00048: my_iou_metric improved from 0.50022 to 0.51019, saving model to 005_INCEPTION_UNET_MIXUP.model
Epoch 49/100
, epoch=48
, epoch=40
 - 82s - loss: 0.3001 - my_iou_metric: 0.4979 - val_loss: 0.2853 - val_my_iou_metric: 0.7820

Epoch 00049: my_iou_metric did not improve from 0.51019
Epoch 50/100
, epoch=49
, epoch=41
 - 82s - loss: 0.2977 - my_iou_metric: 0.5120 - val_loss: 0.2854 - val_my_iou_metric: 0.7747

Epoch 00050: my_iou_metric improved from 0.51019 to 0.51197, saving model to 005_INCEPTION_UNET_MIXUP.model
Epoch 51/100
, epoch=50
, epoch=42
 - 82s - loss: 0.2937 - my_iou_metric: 0.5061 - val_loss: 0.2902 - val_my_iou_metric: 0.7857

Epoch 00051: my_iou_metric did not improve from 0.51197
Epoch 52/100
, epoch=51
, epoch=43
 - 82s - loss: 0.2936 - my_iou_metric: 0.5047 - val_loss: 0.2906 - val_my_iou_metric: 0.7792

Epoch 00052: my_iou_metric did not improve from 0.51197
Epoch 53/100
, epoch=52
, epoch=44
 - 82s - loss: 0.2950 - my_iou_metric: 0.5065 - val_loss: 0.3031 - val_my_iou_metric: 0.7733

Epoch 00053: my_iou_metric did not improve from 0.51197
Epoch 54/100
, epoch=53
, epoch=45
 - 82s - loss: 0.2962 - my_iou_metric: 0.4930 - val_loss: 0.2847 - val_my_iou_metric: 0.7856

Epoch 00054: my_iou_metric did not improve from 0.51197
Epoch 55/100
, epoch=54
 - 83s - loss: 0.2885 - my_iou_metric: 0.5081 - val_loss: 0.2870 - val_my_iou_metric: 0.7873

Epoch 00055: my_iou_metric did not improve from 0.51197

Epoch 00055: ReduceLROnPlateau reducing learning rate to 0.0001.
Epoch 56/100
, epoch=55
, epoch=46
 - 82s - loss: 0.2808 - my_iou_metric: 0.5124 - val_loss: 0.2761 - val_my_iou_metric: 0.7855

Epoch 00056: my_iou_metric improved from 0.51197 to 0.51241, saving model to 005_INCEPTION_UNET_MIXUP.model
Epoch 57/100
, epoch=56
, epoch=47
 - 82s - loss: 0.2857 - my_iou_metric: 0.5124 - val_loss: 0.2743 - val_my_iou_metric: 0.7790

Epoch 00057: my_iou_metric improved from 0.51241 to 0.51244, saving model to 005_INCEPTION_UNET_MIXUP.model
Epoch 58/100
, epoch=57
, epoch=48
 - 82s - loss: 0.2906 - my_iou_metric: 0.4912 - val_loss: 0.2789 - val_my_iou_metric: 0.7831

Epoch 00058: my_iou_metric did not improve from 0.51244
Epoch 59/100
, epoch=58
, epoch=49
 - 83s - loss: 0.2854 - my_iou_metric: 0.5048 - val_loss: 0.2728 - val_my_iou_metric: 0.7814

Epoch 00059: my_iou_metric did not improve from 0.51244
Epoch 60/100
, epoch=59
, epoch=50
 - 82s - loss: 0.2864 - my_iou_metric: 0.4974 - val_loss: 0.2817 - val_my_iou_metric: 0.7807

Epoch 00060: my_iou_metric did not improve from 0.51244
Epoch 61/100
, epoch=60
, epoch=51
 - 82s - loss: 0.2786 - my_iou_metric: 0.5099 - val_loss: 0.2840 - val_my_iou_metric: 0.7810

Epoch 00061: my_iou_metric did not improve from 0.51244
Epoch 62/100
, epoch=61
, epoch=52
 - 82s - loss: 0.2803 - my_iou_metric: 0.5101 - val_loss: 0.2800 - val_my_iou_metric: 0.7776

Epoch 00062: my_iou_metric did not improve from 0.51244
Epoch 63/100
, epoch=62
, epoch=53
 - 82s - loss: 0.2842 - my_iou_metric: 0.5062 - val_loss: 0.2794 - val_my_iou_metric: 0.7864

Epoch 00063: my_iou_metric did not improve from 0.51244
Epoch 64/100
, epoch=63
, epoch=54
 - 80s - loss: 0.2779 - my_iou_metric: 0.5053 - val_loss: 0.2794 - val_my_iou_metric: 0.7951

Epoch 00064: my_iou_metric did not improve from 0.51244
Epoch 65/100
, epoch=64
 - 81s - loss: 0.2867 - my_iou_metric: 0.5078 - val_loss: 0.2869 - val_my_iou_metric: 0.7781

Epoch 00065: my_iou_metric did not improve from 0.51244
Epoch 66/100
, epoch=65
, epoch=55
 - 80s - loss: 0.2796 - my_iou_metric: 0.5070 - val_loss: 0.2802 - val_my_iou_metric: 0.7814

Epoch 00066: my_iou_metric did not improve from 0.51244
Epoch 67/100
, epoch=66
, epoch=56
 - 76s - loss: 0.2766 - my_iou_metric: 0.5051 - val_loss: 0.2891 - val_my_iou_metric: 0.7719

Epoch 00067: my_iou_metric did not improve from 0.51244
Epoch 68/100
, epoch=67
, epoch=57
 - 77s - loss: 0.2810 - my_iou_metric: 0.5108 - val_loss: 0.2765 - val_my_iou_metric: 0.7819

Epoch 00068: my_iou_metric did not improve from 0.51244
Epoch 69/100
, epoch=68
, epoch=58
 - 76s - loss: 0.2704 - my_iou_metric: 0.5205 - val_loss: 0.2768 - val_my_iou_metric: 0.7843

Epoch 00069: my_iou_metric improved from 0.51244 to 0.52047, saving model to 005_INCEPTION_UNET_MIXUP.model
Epoch 70/100
, epoch=69
, epoch=59
 - 76s - loss: 0.2759 - my_iou_metric: 0.5229 - val_loss: 0.2850 - val_my_iou_metric: 0.7795

Epoch 00070: my_iou_metric improved from 0.52047 to 0.52294, saving model to 005_INCEPTION_UNET_MIXUP.model
Epoch 71/100
, epoch=70
, epoch=60
 - 76s - loss: 0.2783 - my_iou_metric: 0.5046 - val_loss: 0.2824 - val_my_iou_metric: 0.7788

Epoch 00071: my_iou_metric did not improve from 0.52294
Epoch 72/100
, epoch=71
, epoch=61
 - 76s - loss: 0.2842 - my_iou_metric: 0.5083 - val_loss: 0.2701 - val_my_iou_metric: 0.7893

Epoch 00072: my_iou_metric did not improve from 0.52294
Epoch 73/100
, epoch=72
, epoch=62
 - 76s - loss: 0.2730 - my_iou_metric: 0.5110 - val_loss: 0.2717 - val_my_iou_metric: 0.7809

Epoch 00073: my_iou_metric did not improve from 0.52294
Epoch 74/100
, epoch=73
, epoch=63
 - 76s - loss: 0.2705 - my_iou_metric: 0.5081 - val_loss: 0.2863 - val_my_iou_metric: 0.7816

Epoch 00074: my_iou_metric did not improve from 0.52294
Epoch 75/100
, epoch=74
, epoch=64
 - 77s - loss: 0.2812 - my_iou_metric: 0.4892 - val_loss: 0.2771 - val_my_iou_metric: 0.7810

Epoch 00075: my_iou_metric did not improve from 0.52294
Epoch 76/100
, epoch=75
, epoch=65
 - 77s - loss: 0.2732 - my_iou_metric: 0.5093 - val_loss: 0.2715 - val_my_iou_metric: 0.7803

Epoch 00076: my_iou_metric did not improve from 0.52294
Epoch 77/100
, epoch=76
, epoch=66
 - 77s - loss: 0.2746 - my_iou_metric: 0.5134 - val_loss: 0.2701 - val_my_iou_metric: 0.7830

Epoch 00077: my_iou_metric did not improve from 0.52294
Epoch 78/100
, epoch=77
, epoch=67
 - 76s - loss: 0.2731 - my_iou_metric: 0.5129 - val_loss: 0.2847 - val_my_iou_metric: 0.7782

Epoch 00078: my_iou_metric did not improve from 0.52294
Epoch 79/100
, epoch=78
, epoch=68
 - 77s - loss: 0.2728 - my_iou_metric: 0.5158 - val_loss: 0.2715 - val_my_iou_metric: 0.7817

Epoch 00079: my_iou_metric did not improve from 0.52294
Epoch 80/100
, epoch=79
, epoch=69
 - 76s - loss: 0.2710 - my_iou_metric: 0.5282 - val_loss: 0.2697 - val_my_iou_metric: 0.7884

Epoch 00080: my_iou_metric improved from 0.52294 to 0.52819, saving model to 005_INCEPTION_UNET_MIXUP.model
Epoch 81/100
, epoch=80
, epoch=70
 - 76s - loss: 0.2658 - my_iou_metric: 0.5272 - val_loss: 0.2643 - val_my_iou_metric: 0.7861

Epoch 00081: my_iou_metric did not improve from 0.52819
Epoch 82/100
, epoch=81
, epoch=71
 - 76s - loss: 0.2671 - my_iou_metric: 0.5037 - val_loss: 0.2697 - val_my_iou_metric: 0.7860

Epoch 00082: my_iou_metric did not improve from 0.52819
Epoch 83/100
, epoch=82
, epoch=72
 - 77s - loss: 0.2744 - my_iou_metric: 0.5092 - val_loss: 0.2675 - val_my_iou_metric: 0.7864

Epoch 00083: my_iou_metric did not improve from 0.52819
Epoch 84/100
, epoch=83
, epoch=73
 - 77s - loss: 0.2658 - my_iou_metric: 0.5101 - val_loss: 0.2745 - val_my_iou_metric: 0.7904

Epoch 00084: my_iou_metric did not improve from 0.52819
Epoch 85/100
, epoch=84
, epoch=74
 - 77s - loss: 0.2688 - my_iou_metric: 0.5079 - val_loss: 0.2752 - val_my_iou_metric: 0.7865

Epoch 00085: my_iou_metric did not improve from 0.52819
Epoch 86/100
, epoch=85
, epoch=75
 - 76s - loss: 0.2667 - my_iou_metric: 0.5049 - val_loss: 0.2689 - val_my_iou_metric: 0.7786

Epoch 00086: my_iou_metric did not improve from 0.52819
Epoch 87/100
, epoch=86
, epoch=76
 - 77s - loss: 0.2629 - my_iou_metric: 0.5193 - val_loss: 0.2759 - val_my_iou_metric: 0.7776

Epoch 00087: my_iou_metric did not improve from 0.52819
Epoch 88/100
, epoch=87
, epoch=77
 - 77s - loss: 0.2697 - my_iou_metric: 0.5137 - val_loss: 0.2760 - val_my_iou_metric: 0.7861

Epoch 00088: my_iou_metric did not improve from 0.52819
Epoch 89/100
, epoch=88
, epoch=78
 - 77s - loss: 0.2682 - my_iou_metric: 0.5167 - val_loss: 0.2765 - val_my_iou_metric: 0.7879

Epoch 00089: my_iou_metric did not improve from 0.52819
Epoch 90/100
, epoch=89
, epoch=79
 - 77s - loss: 0.2721 - my_iou_metric: 0.5167 - val_loss: 0.2741 - val_my_iou_metric: 0.7882

Epoch 00090: my_iou_metric did not improve from 0.52819
Epoch 91/100
, epoch=90
, epoch=80
 - 77s - loss: 0.2677 - my_iou_metric: 0.5163 - val_loss: 0.2833 - val_my_iou_metric: 0.7720

Epoch 00091: my_iou_metric did not improve from 0.52819
Epoch 92/100
, epoch=91
, epoch=81
 - 77s - loss: 0.2640 - my_iou_metric: 0.5089 - val_loss: 0.3003 - val_my_iou_metric: 0.7720

Epoch 00092: my_iou_metric did not improve from 0.52819
Epoch 93/100
, epoch=92
, epoch=82
 - 77s - loss: 0.2681 - my_iou_metric: 0.5158 - val_loss: 0.2704 - val_my_iou_metric: 0.7841

Epoch 00093: my_iou_metric did not improve from 0.52819
Epoch 94/100
, epoch=93
, epoch=83
 - 77s - loss: 0.2728 - my_iou_metric: 0.5162 - val_loss: 0.2784 - val_my_iou_metric: 0.7767

Epoch 00094: my_iou_metric did not improve from 0.52819
Epoch 95/100
, epoch=94
, epoch=84
 - 77s - loss: 0.2665 - my_iou_metric: 0.5086 - val_loss: 0.2684 - val_my_iou_metric: 0.7833

Epoch 00095: my_iou_metric did not improve from 0.52819
Epoch 96/100
, epoch=95
, epoch=85
 - 77s - loss: 0.2684 - my_iou_metric: 0.5128 - val_loss: 0.2759 - val_my_iou_metric: 0.7899

Epoch 00096: my_iou_metric did not improve from 0.52819
Epoch 97/100
, epoch=96
, epoch=86
 - 77s - loss: 0.2649 - my_iou_metric: 0.5109 - val_loss: 0.2861 - val_my_iou_metric: 0.7828

Epoch 00097: my_iou_metric did not improve from 0.52819
Epoch 98/100
, epoch=97
, epoch=87
 - 77s - loss: 0.2592 - my_iou_metric: 0.5236 - val_loss: 0.2827 - val_my_iou_metric: 0.7809

Epoch 00098: my_iou_metric did not improve from 0.52819
Epoch 99/100
, epoch=98
, epoch=88
 - 77s - loss: 0.2684 - my_iou_metric: 0.5205 - val_loss: 0.3016 - val_my_iou_metric: 0.7891

Epoch 00099: my_iou_metric did not improve from 0.52819
Epoch 100/100
, epoch=99
, epoch=89
 - 77s - loss: 0.2676 - my_iou_metric: 0.5075 - val_loss: 0.2844 - val_my_iou_metric: 0.7917

Epoch 00100: my_iou_metric did not improve from 0.52819
load first model
second training
Epoch 1/200
, epoch=100
Epoch 1/200
, epoch=90
 - 171s - loss: 0.7321 - my_iou_metric_2: 0.1585 - val_loss: 0.9142 - val_my_iou_metric_2: 0.3900

Epoch 00001: val_my_iou_metric_2 improved from -inf to 0.39000, saving model to 005_INCEPTION_UNET_MIXUP.model
Epoch 2/200
, epoch=101
, epoch=91
 - 125s - loss: 0.6636 - my_iou_metric_2: 0.1563 - val_loss: 1.2662 - val_my_iou_metric_2: 0.3900

Epoch 00002: val_my_iou_metric_2 did not improve from 0.39000
Epoch 3/200
, epoch=102
, epoch=92
 - 125s - loss: 0.6350 - my_iou_metric_2: 0.1475 - val_loss: 1.2039 - val_my_iou_metric_2: 0.3900

Epoch 00003: val_my_iou_metric_2 did not improve from 0.39000
Epoch 4/200
, epoch=103
, epoch=93
 - 125s - loss: 0.6379 - my_iou_metric_2: 0.1478 - val_loss: 1.1666 - val_my_iou_metric_2: 0.3900

Epoch 00004: val_my_iou_metric_2 did not improve from 0.39000
Epoch 5/200
, epoch=104
, epoch=94
 - 125s - loss: 0.6207 - my_iou_metric_2: 0.1428 - val_loss: 1.2342 - val_my_iou_metric_2: 0.3900

Epoch 00005: val_my_iou_metric_2 did not improve from 0.39000
Epoch 6/200
, epoch=105
, epoch=95
 - 125s - loss: 0.6447 - my_iou_metric_2: 0.1453 - val_loss: 1.2337 - val_my_iou_metric_2: 0.3900

Epoch 00006: val_my_iou_metric_2 did not improve from 0.39000

Epoch 00006: ReduceLROnPlateau reducing learning rate to 0.0002500000118743628.
Epoch 7/200
, epoch=106
, epoch=96
 - 125s - loss: 0.6257 - my_iou_metric_2: 0.1459 - val_loss: 1.2244 - val_my_iou_metric_2: 0.3900

Epoch 00007: val_my_iou_metric_2 did not improve from 0.39000
Epoch 8/200
, epoch=107
, epoch=97
 - 125s - loss: 0.6284 - my_iou_metric_2: 0.1494 - val_loss: 1.2283 - val_my_iou_metric_2: 0.3900

Epoch 00008: val_my_iou_metric_2 did not improve from 0.39000
Epoch 9/200
, epoch=108
, epoch=98
 - 125s - loss: 0.6362 - my_iou_metric_2: 0.1378 - val_loss: 1.2263 - val_my_iou_metric_2: 0.3900

Epoch 00009: val_my_iou_metric_2 did not improve from 0.39000
Epoch 10/200
, epoch=109
, epoch=99
 - 126s - loss: 0.6004 - my_iou_metric_2: 0.1394 - val_loss: 1.2248 - val_my_iou_metric_2: 0.3900

Epoch 00010: val_my_iou_metric_2 did not improve from 0.39000
Epoch 11/200
, epoch=110
, epoch=100
 - 133s - loss: 0.6324 - my_iou_metric_2: 0.1487 - val_loss: 1.2331 - val_my_iou_metric_2: 0.3900

Epoch 00011: val_my_iou_metric_2 did not improve from 0.39000

Epoch 00011: ReduceLROnPlateau reducing learning rate to 0.0001250000059371814.
Epoch 12/200
, epoch=111
, epoch=101
 - 129s - loss: 0.6253 - my_iou_metric_2: 0.1431 - val_loss: 1.2230 - val_my_iou_metric_2: 0.3900

Epoch 00012: val_my_iou_metric_2 did not improve from 0.39000
Epoch 13/200
, epoch=112
, epoch=102
 - 125s - loss: 0.6369 - my_iou_metric_2: 0.1525 - val_loss: 1.2242 - val_my_iou_metric_2: 0.3900
